The system is: Windows - 10.0.19042 - AMD64
Compiling the CXX compiler identification source file "CMakeCXXCompilerId.cpp" succeeded.
Compiler:  
Build flags: 
Id flags:  

The output was:
0
Microsoft(R) Build Engine versão 16.10.2+857e5a733 para .NET Framework 
Copyright (C) Microsoft Corporation. Todos os direitos reservados.

Compilação de 07/07/2021 20:12:59 iniciada.
Projeto "C:\Program Files\llvm-project\clang-tools-extra\minimeta\example\build\CMakeFiles\3.19.8\CompilerIdCXX\CompilerIdCXX.vcxproj" no nó 1 (destinos padrão).
PrepareForBuild:
  Criando o diretório "Debug\".
  Criando o diretório "Debug\CompilerIdCXX.tlog\".
InitializeBuildStatus:
  Criando "Debug\CompilerIdCXX.tlog\unsuccessfulbuild" porque "AlwaysCreate" foi especificado.
ClCompile:
  C:\Program Files (x86)\Microsoft Visual Studio\2019\Community\VC\Tools\MSVC\14.29.30037\bin\HostX64\x86\CL.exe /c /nologo /W0 /WX- /diagnostics:column /Od /Oy- /D _MBCS /Gm- /EHsc /RTC1 /MDd /GS /fp:precise /Zc:wchar_t /Zc:forScope /Zc:inline /Fo"Debug\\" /Fd"Debug\vc142.pdb" /external:env:EXTERNAL_INCLUDE /external:W0 /Gd /TP /analyze- /FC /errorReport:queue CMakeCXXCompilerId.cpp
  CMakeCXXCompilerId.cpp
Link:
  C:\Program Files (x86)\Microsoft Visual Studio\2019\Community\VC\Tools\MSVC\14.29.30037\bin\HostX64\x86\link.exe /ERRORREPORT:QUEUE /OUT:".\CompilerIdCXX.exe" /INCREMENTAL:NO /NOLOGO kernel32.lib user32.lib gdi32.lib winspool.lib comdlg32.lib advapi32.lib shell32.lib ole32.lib oleaut32.lib uuid.lib odbc32.lib odbccp32.lib /MANIFEST /MANIFESTUAC:"level='asInvoker' uiAccess='false'" /manifest:embed /PDB:".\CompilerIdCXX.pdb" /SUBSYSTEM:CONSOLE /TLBID:1 /DYNAMICBASE /NXCOMPAT /IMPLIB:".\CompilerIdCXX.lib" /MACHINE:X86 /SAFESEH Debug\CMakeCXXCompilerId.obj
  CompilerIdCXX.vcxproj -> C:\Program Files\llvm-project\clang-tools-extra\minimeta\example\build\CMakeFiles\3.19.8\CompilerIdCXX\CompilerIdCXX.exe
PostBuildEvent:
  for %%i in (cl.exe) do @echo CMAKE_CXX_COMPILER=%%~$PATH:i
  :VCEnd
  CMAKE_CXX_COMPILER=C:\Program Files (x86)\Microsoft Visual Studio\2019\Community\VC\Tools\MSVC\14.29.30037\bin\Hostx64\x86\cl.exe
FinalizeBuildStatus:
  Excluindo o arquivo "Debug\CompilerIdCXX.tlog\unsuccessfulbuild".
  Tocando "Debug\CompilerIdCXX.tlog\CompilerIdCXX.lastbuildstate".
Projeto de compilação pronto "C:\Program Files\llvm-project\clang-tools-extra\minimeta\example\build\CMakeFiles\3.19.8\CompilerIdCXX\CompilerIdCXX.vcxproj" (destinos padrão).

Compilação com êxito.
    0 Aviso(s)
    0 Erro(s)

Tempo Decorrido 00:00:01.16


Compilation of the CXX compiler identification source "CMakeCXXCompilerId.cpp" produced "CompilerIdCXX.exe"

Compilation of the CXX compiler identification source "CMakeCXXCompilerId.cpp" produced "CompilerIdCXX.vcxproj"

The CXX compiler identification is MSVC, found in "C:/Program Files/llvm-project/clang-tools-extra/minimeta/example/build/CMakeFiles/3.19.8/CompilerIdCXX/CompilerIdCXX.exe"

Detecting CXX compiler ABI info compiled with the following output:
Change Dir: C:/Program Files/llvm-project/clang-tools-extra/minimeta/example/build/CMakeFiles/CMakeTmp

Run Build Command(s):C:/Program Files (x86)/Microsoft Visual Studio/2019/Community/MSBuild/Current/Bin/MSBuild.exe cmTC_9f612.vcxproj /p:Configuration=Debug /p:Platform=win32 /p:VisualStudioVersion=16.0 /v:m && Microsoft(R) Build Engine versão 16.10.2+857e5a733 para .NET Framework 
Copyright (C) Microsoft Corporation. Todos os direitos reservados.

  Microsoft (R) C/C++ Optimizing Compiler Version 19.29.30038.1 for x86
  Copyright (C) Microsoft Corporation.  All rights reserved.
  CMakeCXXCompilerABI.cpp
  cl /c /Zi /W3 /WX- /diagnostics:column /Od /Ob0 /Oy- /D WIN32 /D _WINDOWS /D "CMAKE_INTDIR=\"Debug\"" /D _MBCS /Gm- /EHsc /RTC1 /MDd /GS /fp:precise /Zc:wchar_t /Zc:forScope /Zc:inline /GR /Fo"cmTC_9f612.dir\Debug\\" /Fd"cmTC_9f612.dir\Debug\vc142.pdb" /external:env:EXTERNAL_INCLUDE /external:W3 /Gd /TP /analyze- /errorReport:queue "C:\Program Files\CMake\share\cmake-3.19\Modules\CMakeCXXCompilerABI.cpp"
  cmTC_9f612.vcxproj -> C:\Program Files\llvm-project\clang-tools-extra\minimeta\example\build\CMakeFiles\CMakeTmp\Debug\cmTC_9f612.exe



